17_clima_flutter/build/app/outputs/mapping/release/mapping.txt
# compiler: R8
# compiler_version: 1.5.64
# min_api: 16
# pg_map_id: 0a10921
...
com.google.android.gms.tasks.zzj -> b.a.a.a.f.l:
    java.util.concurrent.Executor zza -> a
    java.lang.Object zzb -> b
    com.google.android.gms.tasks.OnCompleteListener zzc -> c
    java.lang.Object zza(com.google.android.gms.tasks.zzj) -> a
    void zza(com.google.android.gms.tasks.Task) -> a
    com.google.android.gms.tasks.OnCompleteListener zzb(com.google.android.gms.tasks.zzj) -> b
com.google.android.gms.tasks.zzk -> b.a.a.a.f.m:
    java.util.concurrent.Executor zza -> a
    com.google.android.gms.tasks.OnFailureListener zzc -> c
    java.lang.Object zzb -> b
    java.lang.Object zza(com.google.android.gms.tasks.zzk) -> a
    void zza(com.google.android.gms.tasks.Task) -> a
    com.google.android.gms.tasks.OnFailureListener zzb(com.google.android.gms.tasks.zzk) -> b
com.google.android.gms.tasks.zzl -> b.a.a.a.f.n:
    com.google.android.gms.tasks.Task zza -> a
    com.google.android.gms.tasks.zzk zzb -> b
com.google.android.gms.tasks.zzm -> b.a.a.a.f.o:
    com.google.android.gms.tasks.zzn zzb -> b
    com.google.android.gms.tasks.Task zza -> a
com.google.android.gms.tasks.zzn -> b.a.a.a.f.p:
    java.util.concurrent.Executor zza -> a
    java.lang.Object zzb -> b
    com.google.android.gms.tasks.OnSuccessListener zzc -> c
    java.lang.Object zza(com.google.android.gms.tasks.zzn) -> a
    void zza(com.google.android.gms.tasks.Task) -> a
    com.google.android.gms.tasks.OnSuccessListener zzb(com.google.android.gms.tasks.zzn) -> b
com.google.android.gms.tasks.zzq -> b.a.a.a.f.q:
    void zza(com.google.android.gms.tasks.Task) -> a
com.google.android.gms.tasks.zzr -> b.a.a.a.f.r:
    java.util.Queue zzb -> b
    java.lang.Object zza -> a
    boolean zzc -> c
    void zza(com.google.android.gms.tasks.Task) -> a
    void zza(com.google.android.gms.tasks.zzq) -> a
com.google.android.gms.tasks.zzt -> b.a.a.a.f.s:
com.google.android.gms.tasks.zzu -> b.a.a.a.f.t:
    java.lang.Exception zzf -> f
    com.google.android.gms.tasks.zzr zzb -> b
    java.lang.Object zze -> e
    java.lang.Object zza -> a
    boolean zzc -> c
    boolean zzd -> d
    com.google.android.gms.tasks.Task addOnCompleteListener(com.google.android.gms.tasks.OnCompleteListener) -> a
    com.google.android.gms.tasks.Task addOnCompleteListener(java.util.concurrent.Executor,com.google.android.gms.tasks.OnCompleteListener) -> a
    com.google.android.gms.tasks.Task addOnFailureListener(com.google.android.gms.tasks.OnFailureListener) -> a
    com.google.android.gms.tasks.Task addOnFailureListener(java.util.concurrent.Executor,com.google.android.gms.tasks.OnFailureListener) -> a
    com.google.android.gms.tasks.Task addOnSuccessListener(com.google.android.gms.tasks.OnSuccessListener) -> a
    com.google.android.gms.tasks.Task addOnSuccessListener(java.util.concurrent.Executor,com.google.android.gms.tasks.OnSuccessListener) -> a
    com.google.android.gms.tasks.Task continueWith(com.google.android.gms.tasks.Continuation) -> a
    com.google.android.gms.tasks.Task continueWith(java.util.concurrent.Executor,com.google.android.gms.tasks.Continuation) -> a
    java.lang.Exception getException() -> a
    void zza(java.lang.Exception) -> a
    void zza(java.lang.Object) -> a
    java.lang.Object getResult() -> b
    boolean zzb(java.lang.Exception) -> b
    boolean zzb(java.lang.Object) -> b
    boolean isCanceled() -> c
com.google.android.gms.tasks.zzv -> b.a.a.a.f.u:
    com.google.android.gms.tasks.zzx zza -> a
    java.util.concurrent.Executor zza(java.util.concurrent.Executor) -> a
com.google.android.gms.tasks.zzw -> b.a.a.a.f.v:
    com.google.android.gms.tasks.zzx zzb -> a
    java.util.concurrent.Executor zza(java.util.concurrent.Executor) -> a
    java.util.concurrent.Executor zzb(java.util.concurrent.Executor) -> b
com.google.android.gms.tasks.zzx -> b.a.a.a.f.w:
    java.util.concurrent.Executor zza(java.util.concurrent.Executor) -> a